<?xml version="1.0" encoding="UTF-8"?>
<testsuite name="ec.com.security.EseMsaSecurityDfApplicationTests" tests="1" skipped="0" failures="0" errors="0" timestamp="2025-04-22T03:02:50" hostname="DESKTOP-19NDBQM" time="2.061">
  <properties/>
  <testcase name="contextLoads()" classname="ec.com.security.EseMsaSecurityDfApplicationTests" time="2.061"/>
  <system-out><![CDATA[22:02:43.864 [Test worker] INFO org.springframework.test.context.support.AnnotationConfigContextLoaderUtils -- Could not detect default configuration classes for test class [ec.com.security.EseMsaSecurityDfApplicationTests]: EseMsaSecurityDfApplicationTests does not declare any static, non-private, non-final, nested classes annotated with @Configuration.
22:02:44.084 [Test worker] INFO org.springframework.boot.test.context.SpringBootTestContextBootstrapper -- Found @SpringBootConfiguration ec.com.security.EseMsaSecurityDfApplication for test class ec.com.security.EseMsaSecurityDfApplicationTests

  .   ____          _            __ _ _
 /\\ / ___'_ __ _ _(_)_ __  __ _ \ \ \ \
( ( )\___ | '_ | '_| | '_ \/ _` | \ \ \ \
 \\/  ___)| |_)| | | | | || (_| |  ) ) ) )
  '  |____| .__|_| |_|_| |_\__, | / / / /
 =========|_|==============|___/=/_/_/_/

 :: Spring Boot ::               (v3.3.10)

2025-04-21T22:02:45.510-05:00  INFO 14888 --- [ese-msa-securityDF] [    Test worker] e.c.s.EseMsaSecurityDfApplicationTests   : Starting EseMsaSecurityDfApplicationTests using Java 17.0.10 with PID 14888 (started by DiegoLaptop in D:\ProyectosSTS4.21.1\ese-msa-security)
2025-04-21T22:02:45.513-05:00  INFO 14888 --- [ese-msa-securityDF] [    Test worker] e.c.s.EseMsaSecurityDfApplicationTests   : No active profile set, falling back to 1 default profile: "default"
2025-04-21T22:02:47.703-05:00  INFO 14888 --- [ese-msa-securityDF] [    Test worker] o.s.cloud.context.scope.GenericScope     : BeanFactory id=489d5b5b-f28c-32cb-8779-9dbd43a5824b
2025-04-21T22:02:50.056-05:00  INFO 14888 --- [ese-msa-securityDF] [    Test worker] o.s.b.a.e.web.EndpointLinksResolver      : Exposing 1 endpoint beneath base path '/actuator'
2025-04-21T22:02:50.190-05:00  INFO 14888 --- [ese-msa-securityDF] [    Test worker] e.c.s.EseMsaSecurityDfApplicationTests   : Started EseMsaSecurityDfApplicationTests in 5.635 seconds (process running for 8.178)
]]></system-out>
  <system-err><![CDATA[]]></system-err>
</testsuite>
