<?xml version="1.0" encoding="UTF-8"?>
<testsuite name="ec.com.security.EseMsaSecurityApplicationTests" tests="1" skipped="0" failures="0" errors="0" timestamp="2025-04-22T03:27:02" hostname="DESKTOP-19NDBQM" time="3.268">
  <properties/>
  <testcase name="contextLoads()" classname="ec.com.security.EseMsaSecurityApplicationTests" time="3.268"/>
  <system-out><![CDATA[22:26:49.145 [Test worker] INFO org.springframework.test.context.support.AnnotationConfigContextLoaderUtils -- Could not detect default configuration classes for test class [ec.com.security.EseMsaSecurityApplicationTests]: EseMsaSecurityApplicationTests does not declare any static, non-private, non-final, nested classes annotated with @Configuration.
22:26:49.423 [Test worker] INFO org.springframework.boot.test.context.SpringBootTestContextBootstrapper -- Found @SpringBootConfiguration ec.com.security.EseMsaSecurityApplication for test class ec.com.security.EseMsaSecurityApplicationTests

  .   ____          _            __ _ _
 /\\ / ___'_ __ _ _(_)_ __  __ _ \ \ \ \
( ( )\___ | '_ | '_| | '_ \/ _` | \ \ \ \
 \\/  ___)| |_)| | | | | || (_| |  ) ) ) )
  '  |____| .__|_| |_|_| |_\__, | / / / /
 =========|_|==============|___/=/_/_/_/

 :: Spring Boot ::               (v3.3.10)

2025-04-21T22:26:52.079-05:00  INFO 19408 --- [ese-msa-security] [    Test worker] e.c.s.EseMsaSecurityApplicationTests     : Starting EseMsaSecurityApplicationTests using Java 17.0.10 with PID 19408 (started by DiegoLaptop in D:\ProyectosSTS4.21.1\ese-msa-security)
2025-04-21T22:26:52.087-05:00  INFO 19408 --- [ese-msa-security] [    Test worker] e.c.s.EseMsaSecurityApplicationTests     : No active profile set, falling back to 1 default profile: "default"
2025-04-21T22:26:56.271-05:00  INFO 19408 --- [ese-msa-security] [    Test worker] o.s.cloud.context.scope.GenericScope     : BeanFactory id=d4f35d71-c84a-30c7-961d-4cb5fba26ea8
2025-04-21T22:27:01.770-05:00  INFO 19408 --- [ese-msa-security] [    Test worker] o.s.b.a.e.web.EndpointLinksResolver      : Exposing 1 endpoint beneath base path '/actuator'
2025-04-21T22:27:02.011-05:00  INFO 19408 --- [ese-msa-security] [    Test worker] e.c.s.EseMsaSecurityApplicationTests     : Started EseMsaSecurityApplicationTests in 11.981 seconds (process running for 16.665)
]]></system-out>
  <system-err><![CDATA[]]></system-err>
</testsuite>
